"../../../Engine/Content/EngineMaterials/T_Default_Material_Grid_M.ubulk" 0
"../../../Engine/Content/EngineMaterials/T_Default_Material_Grid_M.uasset" 1
"../../../Engine/Content/EngineMaterials/T_Default_Material_Grid_M.uexp" 2
"../../../Engine/Content/EngineMaterials/T_Default_Material_Grid_N.ubulk" 3
"../../../Engine/Content/EngineMaterials/T_Default_Material_Grid_N.uasset" 4
"../../../Engine/Content/EngineMaterials/T_Default_Material_Grid_N.uexp" 5
"../../../Engine/Content/Functions/Engine_MaterialFunctions01/Opacity/CameraDepthFade.uasset" 6
"../../../Engine/Content/Functions/Engine_MaterialFunctions01/Opacity/CameraDepthFade.uexp" 7
"../../../Engine/Content/EngineMaterials/DefaultMaterial.uasset" 8
"../../../Engine/Content/EngineMaterials/DefaultMaterial.uexp" 9
"../../../Engine/Content/BasicShapes/Sphere.ubulk" 10
"../../../Engine/Content/BasicShapes/Sphere.uasset" 11
"../../../Engine/Content/BasicShapes/Sphere.uexp" 12
"../../../Engine/Content/EngineMaterials/WorldGridMaterial.uasset" 13
"../../../Engine/Content/EngineMaterials/WorldGridMaterial.uexp" 14
"../../../Engine/Content/BasicShapes/Plane.ubulk" 15
"../../../Engine/Content/BasicShapes/Plane.uasset" 16
"../../../Engine/Content/BasicShapes/Plane.uexp" 17
"../../../Engine/Content/BasicShapes/Cylinder.ubulk" 18
"../../../Engine/Content/BasicShapes/Cylinder.uasset" 19
"../../../Engine/Content/BasicShapes/Cylinder.uexp" 20
"../../../Engine/Content/BasicShapes/Cube.ubulk" 21
"../../../Engine/Content/BasicShapes/Cube.uasset" 22
"../../../Engine/Content/BasicShapes/Cube.uexp" 23
"../../../Engine/Content/BasicShapes/Cone.ubulk" 24
"../../../Engine/Content/BasicShapes/Cone.uasset" 25
"../../../Engine/Content/BasicShapes/Cone.uexp" 26
"../../../Engine/Content/ArtTools/RenderToTexture/Meshes/S_1_Unit_Plane.ubulk" 27
"../../../Engine/Content/ArtTools/RenderToTexture/Meshes/S_1_Unit_Plane.uasset" 28
"../../../Engine/Content/ArtTools/RenderToTexture/Meshes/S_1_Unit_Plane.uexp" 29
"../../../Engine/Content/Animation/DefaultAnimCurveCompressionSettings.uasset" 30
"../../../Engine/Content/Animation/DefaultAnimCurveCompressionSettings.uexp" 31
"../../../Engine/Content/EditorMaterials/PreviewShadowIndicator.ubulk" 32
"../../../Engine/Content/EditorMaterials/PreviewShadowIndicator.uasset" 33
"../../../Engine/Content/EditorMaterials/PreviewShadowIndicator.uexp" 34
"../../../Engine/Content/EditorMaterials/PreviewShadowIndicatorMaterial.uasset" 35
"../../../Engine/Content/EditorMaterials/PreviewShadowIndicatorMaterial.uexp" 36
"../../../Engine/Content/EditorMaterials/Camera/CineMat.uasset" 37
"../../../Engine/Content/EditorMaterials/Camera/CineMat.uexp" 38
"../../../Engine/Content/EditorMaterials/Camera/MI_CineMat_Rig.uasset" 39
"../../../Engine/Content/EditorMaterials/Camera/MI_CineMat_Rig.uexp" 40
"../../../Engine/Content/EditorMeshes/Camera/SM_RailRig_Track.ubulk" 41
"../../../Engine/Content/EditorMeshes/Camera/SM_RailRig_Track.uasset" 42
"../../../Engine/Content/EditorMeshes/Camera/SM_RailRig_Track.uexp" 43
"../../../Engine/Content/EditorMeshes/Camera/SM_RailRig_Mount.ubulk" 44
"../../../Engine/Content/EditorMeshes/Camera/SM_RailRig_Mount.uasset" 45
"../../../Engine/Content/EditorMeshes/Camera/SM_RailRig_Mount.uexp" 46
"../../../Engine/Content/EditorMeshes/Camera/SM_CraneRig_Mount.ubulk" 47
"../../../Engine/Content/EditorMeshes/Camera/SM_CraneRig_Mount.uasset" 48
"../../../Engine/Content/EditorMeshes/Camera/SM_CraneRig_Mount.uexp" 49
"../../../Engine/Content/EditorMeshes/Camera/SM_CraneRig_Body.ubulk" 50
"../../../Engine/Content/EditorMeshes/Camera/SM_CraneRig_Body.uasset" 51
"../../../Engine/Content/EditorMeshes/Camera/SM_CraneRig_Body.uexp" 52
"../../../Engine/Content/EditorMeshes/Camera/SM_CraneRig_Base.ubulk" 53
"../../../Engine/Content/EditorMeshes/Camera/SM_CraneRig_Base.uasset" 54
"../../../Engine/Content/EditorMeshes/Camera/SM_CraneRig_Base.uexp" 55
"../../../Engine/Content/EditorMeshes/Camera/SM_CraneRig_Arm.ubulk" 56
"../../../Engine/Content/EditorMeshes/Camera/SM_CraneRig_Arm.uasset" 57
"../../../Engine/Content/EditorMeshes/Camera/SM_CraneRig_Arm.uexp" 58
"../../../Engine/Content/EngineDamageTypes/DmgTypeBP_Environmental.uasset" 59
"../../../Engine/Content/EngineDamageTypes/DmgTypeBP_Environmental.uexp" 60
"../../../Engine/Content/EngineSounds/Master.uasset" 61
"../../../Engine/Content/EngineSounds/Master.uexp" 62
"../../../Engine/Content/Functions/Engine_MaterialFunctions01/Shading/PowerToRoughness.uasset" 63
"../../../Engine/Content/Functions/Engine_MaterialFunctions01/Shading/PowerToRoughness.uexp" 64
"../../../Engine/Content/Functions/Engine_MaterialFunctions01/Shading/ConvertFromDiffSpec.uasset" 65
"../../../Engine/Content/Functions/Engine_MaterialFunctions01/Shading/ConvertFromDiffSpec.uexp" 66
"../../../Engine/Content/EngineSky/VolumetricClouds/CloudWeatherTexture.uasset" 67
"../../../Engine/Content/EngineSky/VolumetricClouds/CloudWeatherTexture.uexp" 68
"../../../Engine/Content/Functions/Engine_MaterialFunctions02/Utility/MakeFloat2.uasset" 69
"../../../Engine/Content/Functions/Engine_MaterialFunctions02/Utility/MakeFloat2.uexp" 70
"../../../Engine/Content/EngineSky/VolumetricClouds/CloudGradientTexture.uasset" 71
"../../../Engine/Content/EngineSky/VolumetricClouds/CloudGradientTexture.uexp" 72
"../../../Engine/Content/EngineSky/VolumetricClouds/T_NoiseShape64.ubulk" 73
"../../../Engine/Content/EngineSky/VolumetricClouds/T_NoiseShape64.uasset" 74
"../../../Engine/Content/EngineSky/VolumetricClouds/T_NoiseShape64.uexp" 75
"../../../Engine/Content/EngineSky/VolumetricClouds/T_VolumeNoiseShape64.uasset" 76
"../../../Engine/Content/EngineSky/VolumetricClouds/T_VolumeNoiseShape64.uexp" 77
"../../../Engine/Content/EngineSky/VolumetricClouds/T_NoiseErosion.ubulk" 78
"../../../Engine/Content/EngineSky/VolumetricClouds/T_NoiseErosion.uasset" 79
"../../../Engine/Content/EngineSky/VolumetricClouds/T_NoiseErosion.uexp" 80
"../../../Engine/Content/EngineSky/VolumetricClouds/T_VolumeNoiseErosion32.uasset" 81
"../../../Engine/Content/EngineSky/VolumetricClouds/T_VolumeNoiseErosion32.uexp" 82
"../../../Engine/Content/EngineSky/VolumetricClouds/m_SimpleVolumetricCloud.uasset" 83
"../../../Engine/Content/EngineSky/VolumetricClouds/m_SimpleVolumetricCloud.uexp" 84
"../../../Engine/Content/EngineSky/VolumetricClouds/m_SimpleVolumetricCloud_Inst.uasset" 85
"../../../Engine/Content/EngineSky/VolumetricClouds/m_SimpleVolumetricCloud_Inst.uexp" 86
"../../../Engine/Content/EngineResources/GradientTexture0.uasset" 87
"../../../Engine/Content/EngineResources/GradientTexture0.uexp" 88
"../../../Engine/Content/EngineResources/DefaultVolumeTexture2D.uasset" 89
"../../../Engine/Content/EngineResources/DefaultVolumeTexture2D.uexp" 90
"../../../Engine/Content/EngineResources/DefaultVolumeTexture.uasset" 91
"../../../Engine/Content/EngineResources/DefaultVolumeTexture.uexp" 92
"../../../Engine/Content/EngineResources/DefaultTextureCube.uasset" 93
"../../../Engine/Content/EngineResources/DefaultTextureCube.uexp" 94
"../../../Engine/Content/EngineResources/DefaultTexture.ubulk" 95
"../../../Engine/Content/EngineResources/DefaultTexture.uasset" 96
"../../../Engine/Content/EngineResources/DefaultTexture.uexp" 97
"../../../Engine/Content/EngineResources/Black.uasset" 98
"../../../Engine/Content/EngineResources/Black.uexp" 99
"../../../Engine/Content/EngineResources/FilmGrains/Marcie_Grain_v3_128_M2_000.uasset" 100
"../../../Engine/Content/EngineResources/FilmGrains/Marcie_Grain_v3_128_M2_000.uexp" 101
"../../../Engine/Content/EngineMeshes/Sphere.ubulk" 102
"../../../Engine/Content/EngineMeshes/Sphere.uasset" 103
"../../../Engine/Content/EngineMeshes/Sphere.uexp" 104
"../../../Engine/Content/EngineResources/WhiteSquareTexture.uasset" 105
"../../../Engine/Content/EngineResources/WhiteSquareTexture.uexp" 106
"../../../Engine/Content/EngineMaterials/Widget3DPassThrough.uasset" 107
"../../../Engine/Content/EngineMaterials/Widget3DPassThrough.uexp" 108
"../../../Engine/Content/EngineMaterials/Widget3DPassThrough_Translucent.uasset" 109
"../../../Engine/Content/EngineMaterials/Widget3DPassThrough_Translucent.uexp" 110
"../../../Engine/Content/EngineMaterials/Widget3DPassThrough_Translucent_OneSided.uasset" 111
"../../../Engine/Content/EngineMaterials/Widget3DPassThrough_Translucent_OneSided.uexp" 112
"../../../Engine/Content/EngineMaterials/Widget3DPassThrough_Opaque.uasset" 113
"../../../Engine/Content/EngineMaterials/Widget3DPassThrough_Opaque.uexp" 114
"../../../Engine/Content/EngineMaterials/Widget3DPassThrough_Opaque_OneSided.uasset" 115
"../../../Engine/Content/EngineMaterials/Widget3DPassThrough_Opaque_OneSided.uexp" 116
"../../../Engine/Content/EngineMaterials/Widget3DPassThrough_Masked_OneSided.uasset" 117
"../../../Engine/Content/EngineMaterials/Widget3DPassThrough_Masked_OneSided.uexp" 118
"../../../Engine/Content/EngineMaterials/Widget3DPassThrough_Masked.uasset" 119
"../../../Engine/Content/EngineMaterials/Widget3DPassThrough_Masked.uexp" 120
"../../../Engine/Content/EngineMaterials/WeightMapPlaceholderTexture.uasset" 121
"../../../Engine/Content/EngineMaterials/WeightMapPlaceholderTexture.uexp" 122
"../../../Engine/Content/EngineMaterials/RemoveSurfaceMaterial.uasset" 123
"../../../Engine/Content/EngineMaterials/RemoveSurfaceMaterial.uexp" 124
"../../../Engine/Content/EngineMaterials/PreintegratedSkinBRDF.uasset" 125
"../../../Engine/Content/EngineMaterials/PreintegratedSkinBRDF.uexp" 126
"../../../Engine/Content/EngineMaterials/DefaultCalibrationGrayscale.uasset" 127
"../../../Engine/Content/EngineMaterials/DefaultCalibrationGrayscale.uexp" 128
"../../../Engine/Content/EngineMaterials/PPM_DefaultCalibrationGrayscale.uasset" 129
"../../../Engine/Content/EngineMaterials/PPM_DefaultCalibrationGrayscale.uexp" 130
"../../../Engine/Content/EngineMaterials/DefaultCalibrationColor.uasset" 131
"../../../Engine/Content/EngineMaterials/DefaultCalibrationColor.uexp" 132
"../../../Engine/Content/EngineMaterials/PPM_DefaultCalibrationColor.uasset" 133
"../../../Engine/Content/EngineMaterials/PPM_DefaultCalibrationColor.uexp" 134
"../../../Engine/Content/Functions/Engine_MaterialFunctions02/WorldPositionOffset/CameraOffset.uasset" 135
"../../../Engine/Content/Functions/Engine_MaterialFunctions02/WorldPositionOffset/CameraOffset.uexp" 136
"../../../Engine/Content/EngineMaterials/PhAT_JointLimitMaterial.uasset" 137
"../../../Engine/Content/EngineMaterials/PhAT_JointLimitMaterial.uexp" 138
"../../../Engine/Content/EngineMaterials/InvalidLightmapSettings.ubulk" 139
"../../../Engine/Content/EngineMaterials/InvalidLightmapSettings.uasset" 140
"../../../Engine/Content/EngineMaterials/InvalidLightmapSettings.uexp" 141
"../../../Engine/Content/EngineMaterials/M_InvalidLightmapSettings.uasset" 142
"../../../Engine/Content/EngineMaterials/M_InvalidLightmapSettings.uexp" 143
"../../../Engine/Content/EngineMaterials/MiniFont.uasset" 144
"../../../Engine/Content/EngineMaterials/MiniFont.uexp" 145
"../../../Engine/Content/EngineMaterials/Good64x64TilingNoiseHighFreq.uasset" 146
"../../../Engine/Content/EngineMaterials/Good64x64TilingNoiseHighFreq.uexp" 147
"../../../Engine/Content/EngineMaterials/GizmoMaterial.uasset" 148
"../../../Engine/Content/EngineMaterials/GizmoMaterial.uexp" 149
"../../../Engine/Content/EngineMaterials/BaseFlattenEmissiveMap_VT.uasset" 150
"../../../Engine/Content/EngineMaterials/BaseFlattenEmissiveMap_VT.uexp" 151
"../../../Engine/Content/EngineMaterials/BaseFlattenGrayscaleMap_VT.uasset" 152
"../../../Engine/Content/EngineMaterials/BaseFlattenGrayscaleMap_VT.uexp" 153
"../../../Engine/Content/EngineMaterials/BaseFlattenLinearColor_VT.uasset" 154
"../../../Engine/Content/EngineMaterials/BaseFlattenLinearColor_VT.uexp" 155
"../../../Engine/Content/EngineMaterials/Black_1x1_EXR_Texture_VT.uasset" 156
"../../../Engine/Content/EngineMaterials/Black_1x1_EXR_Texture_VT.uexp" 157
"../../../Engine/Content/EngineMaterials/BaseFlattenDiffuseMap_VT.uasset" 158
"../../../Engine/Content/EngineMaterials/BaseFlattenDiffuseMap_VT.uexp" 159
"../../../Engine/Content/EngineMaterials/BaseFlattenNormalMap_VT.uasset" 160
"../../../Engine/Content/EngineMaterials/BaseFlattenNormalMap_VT.uexp" 161
"../../../Engine/Content/EngineMaterials/FlattenMaterial_WS_Normal_VT.uasset" 162
"../../../Engine/Content/EngineMaterials/FlattenMaterial_WS_Normal_VT.uexp" 163
"../../../Engine/Content/EngineMaterials/FlattenMaterial_VT.uasset" 164
"../../../Engine/Content/EngineMaterials/FlattenMaterial_VT.uexp" 165
"../../../Engine/Content/EngineMaterials/BaseFlattenNormalMap.uasset" 166
"../../../Engine/Content/EngineMaterials/BaseFlattenNormalMap.uexp" 167
"../../../Engine/Content/EngineMaterials/BaseFlattenGrayscaleMap.uasset" 168
"../../../Engine/Content/EngineMaterials/BaseFlattenGrayscaleMap.uexp" 169
"../../../Engine/Content/EngineMaterials/BaseFlattenDiffuseMap.uasset" 170
"../../../Engine/Content/EngineMaterials/BaseFlattenDiffuseMap.uexp" 171
"../../../Engine/Content/Functions/Engine_MaterialFunctions02/PivotPainter2/Black_1x1_EXR_Texture.uasset" 172
"../../../Engine/Content/Functions/Engine_MaterialFunctions02/PivotPainter2/Black_1x1_EXR_Texture.uexp" 173
"../../../Engine/Content/EngineMaterials/BaseFlattenEmissiveMap.uasset" 174
"../../../Engine/Content/EngineMaterials/BaseFlattenEmissiveMap.uexp" 175
"../../../Engine/Content/EngineMaterials/BaseFlattenLinearColor.uasset" 176
"../../../Engine/Content/EngineMaterials/BaseFlattenLinearColor.uexp" 177
"../../../Engine/Content/EngineMaterials/FlattenMaterial.uasset" 178
"../../../Engine/Content/EngineMaterials/FlattenMaterial.uexp" 179
"../../../Engine/Content/EngineMaterials/DefaultWhiteGrid_Low.uasset" 180
"../../../Engine/Content/EngineMaterials/DefaultWhiteGrid_Low.uexp" 181
"../../../Engine/Content/EngineMaterials/EmissiveMeshMaterial.uasset" 182
"../../../Engine/Content/EngineMaterials/EmissiveMeshMaterial.uexp" 183
"../../../Engine/Content/EngineMaterials/DefaultWhiteGrid.ubulk" 184
"../../../Engine/Content/EngineMaterials/DefaultWhiteGrid.uasset" 185
"../../../Engine/Content/EngineMaterials/DefaultWhiteGrid.uexp" 186
"../../../Engine/Content/EngineFonts/RobotoDistanceField.uasset" 187
"../../../Engine/Content/EngineFonts/RobotoDistanceField.uexp" 188
"../../../Engine/Content/EngineMaterials/DefaultTextMaterialOpaque.uasset" 189
"../../../Engine/Content/EngineMaterials/DefaultTextMaterialOpaque.uexp" 190
"../../../Engine/Content/EngineMaterials/DefaultDiffuse.ubulk" 191
"../../../Engine/Content/EngineMaterials/DefaultDiffuse.uasset" 192
"../../../Engine/Content/EngineMaterials/DefaultDiffuse.uexp" 193
"../../../Engine/Content/Functions/Engine_MaterialFunctions02/Utility/BreakOutFloat2Components.uasset" 194
"../../../Engine/Content/Functions/Engine_MaterialFunctions02/Utility/BreakOutFloat2Components.uexp" 195
"../../../Engine/Content/EngineMaterials/DefaultPostProcessMaterial.uasset" 196
"../../../Engine/Content/EngineMaterials/DefaultPostProcessMaterial.uexp" 197
"../../../Engine/Content/EngineMaterials/DefaultPhysicalMaterial.uasset" 198
"../../../Engine/Content/EngineMaterials/DefaultPhysicalMaterial.uexp" 199
"../../../Engine/Content/EngineMaterials/DefaultLightFunctionMaterial.uasset" 200
"../../../Engine/Content/EngineMaterials/DefaultLightFunctionMaterial.uexp" 201
"../../../Engine/Content/EngineMaterials/DefaultDestructiblePhysicalMaterial.uasset" 202
"../../../Engine/Content/EngineMaterials/DefaultDestructiblePhysicalMaterial.uexp" 203
"../../../Engine/Content/EngineMaterials/DefaultDeferredDecalMaterial.uasset" 204
"../../../Engine/Content/EngineMaterials/DefaultDeferredDecalMaterial.uexp" 205
"../../../Engine/Content/EngineMaterials/DefaultBokeh.uasset" 206
"../../../Engine/Content/EngineMaterials/DefaultBokeh.uexp" 207
"../../../Engine/Content/EngineMaterials/DefaultBloomKernel.uasset" 208
"../../../Engine/Content/EngineMaterials/DefaultBloomKernel.uexp" 209
"../../../Engine/Content/EngineMaterials/BlueNoise.uasset" 210
"../../../Engine/Content/EngineMaterials/BlueNoise.uexp" 211
"../../../Engine/Content/EngineFonts/Faces/RobotoLight.uexp" 212
"../../../Engine/Content/EngineFonts/Faces/RobotoLight.uasset" 213
"../../../Engine/Content/EngineFonts/Faces/RobotoLight.ufont" 214
"../../../Engine/Content/EngineFonts/Faces/RobotoBold.uexp" 215
"../../../Engine/Content/EngineFonts/Faces/RobotoBold.uasset" 216
"../../../Engine/Content/EngineFonts/Faces/RobotoBold.ufont" 217
"../../../Engine/Content/EngineFonts/Faces/RobotoRegular.uexp" 218
"../../../Engine/Content/EngineFonts/Faces/RobotoRegular.uasset" 219
"../../../Engine/Content/EngineFonts/Faces/RobotoRegular.ufont" 220
"../../../Engine/Content/EngineFonts/Faces/DroidSansFallback.uexp" 221
"../../../Engine/Content/EngineFonts/Faces/DroidSansFallback.uasset" 222
"../../../Engine/Content/EngineFonts/Faces/DroidSansFallback.ufont" 223
"../../../Engine/Content/EngineFonts/Faces/RobotoItalic.uexp" 224
"../../../Engine/Content/EngineFonts/Faces/RobotoItalic.uasset" 225
"../../../Engine/Content/EngineFonts/Faces/RobotoItalic.ufont" 226
"../../../Engine/Content/EngineFonts/Faces/RobotoBoldItalic.uexp" 227
"../../../Engine/Content/EngineFonts/Faces/RobotoBoldItalic.uasset" 228
"../../../Engine/Content/EngineFonts/Faces/RobotoBoldItalic.ufont" 229
"../../../Engine/Content/EngineFonts/Roboto.uasset" 230
"../../../Engine/Content/EngineFonts/Roboto.uexp" 231
"../../../Engine/Content/Functions/Engine_MaterialFunctions02/Utility/CameraDirectionVector.uasset" 232
"../../../Engine/Content/Functions/Engine_MaterialFunctions02/Utility/CameraDirectionVector.uexp" 233
"../../../Engine/Content/EngineDebugMaterials/VolumeToRender.uasset" 234
"../../../Engine/Content/EngineDebugMaterials/VolumeToRender.uexp" 235
"../../../Engine/Content/EngineDebugMaterials/M_VolumeRenderSphereTracePP.uasset" 236
"../../../Engine/Content/EngineDebugMaterials/M_VolumeRenderSphereTracePP.uexp" 237
"../../../Engine/Content/EngineDebugMaterials/M_SimpleUnlitTranslucent.uasset" 238
"../../../Engine/Content/EngineDebugMaterials/M_SimpleUnlitTranslucent.uexp" 239
"../../../Engine/Content/EngineDebugMaterials/DebugMeshMaterial.uasset" 240
"../../../Engine/Content/EngineDebugMaterials/DebugMeshMaterial.uexp" 241
"../../../Engine/Content/EngineDebugMaterials/DebugEditorMaterial.uasset" 242
"../../../Engine/Content/EngineDebugMaterials/DebugEditorMaterial.uexp" 243
"../../../Engine/Content/EditorResources/S_TriggerSphere.uasset" 244
"../../../Engine/Content/EditorResources/S_TriggerSphere.uexp" 245
"../../../Engine/Content/EditorResources/S_TriggerCapsule.uasset" 246
"../../../Engine/Content/EditorResources/S_TriggerCapsule.uexp" 247
"../../../Engine/Content/EditorResources/S_TriggerBox.uasset" 248
"../../../Engine/Content/EditorResources/S_TriggerBox.uexp" 249
"../../../Engine/Content/EditorResources/S_Trigger.ubulk" 250
"../../../Engine/Content/EditorResources/S_Trigger.uasset" 251
"../../../Engine/Content/EditorResources/S_Trigger.uexp" 252
"../../../Engine/Content/EditorResources/S_Terrain.ubulk" 253
"../../../Engine/Content/EditorResources/S_Terrain.uasset" 254
"../../../Engine/Content/EditorResources/S_Terrain.uexp" 255
"../../../Engine/Content/EditorResources/S_Solver.ubulk" 256
"../../../Engine/Content/EditorResources/S_Solver.uasset" 257
"../../../Engine/Content/EditorResources/S_Solver.uexp" 258
"../../../Engine/Content/EditorResources/S_BoxReflectionCapture.uasset" 259
"../../../Engine/Content/EditorResources/S_BoxReflectionCapture.uexp" 260
"../../../Engine/Content/EditorResources/S_Actor.ubulk" 261
"../../../Engine/Content/EditorResources/S_Actor.uasset" 262
"../../../Engine/Content/EditorResources/S_Actor.uexp" 263
"../../../Engine/Content/EditorResources/EmptyActor.uasset" 264
"../../../Engine/Content/EditorResources/EmptyActor.uexp" 265
"../../../Engine/Content/EditorResources/BSPVertex.uasset" 266
"../../../Engine/Content/EditorResources/BSPVertex.uexp" 267
"../../../Engine/Content/EditorResources/SequenceRecorder/RecordingIndicator.uasset" 268
"../../../Engine/Content/EditorResources/SequenceRecorder/RecordingIndicator.uexp" 269
"../../../Engine/Content/EditorResources/SequenceRecorder/Countdown.uasset" 270
"../../../Engine/Content/EditorResources/SequenceRecorder/Countdown.uexp" 271
"../../../Engine/Content/EditorMaterials/MAT_Groups_Visibility.uasset" 272
"../../../Engine/Content/EditorMaterials/MAT_Groups_Visibility.uexp" 273
"../../../Engine/Content/EditorMaterials/MAT_Groups_Toggle.uasset" 274
"../../../Engine/Content/EditorMaterials/MAT_Groups_Toggle.uexp" 275
"../../../Engine/Content/Functions/Engine_MaterialFunctions02/Utility/MakeFloat4.uasset" 276
"../../../Engine/Content/Functions/Engine_MaterialFunctions02/Utility/MakeFloat4.uexp" 277
"../../../Engine/Content/Functions/Engine_MaterialFunctions02/Utility/MakeFloat3.uasset" 278
"../../../Engine/Content/Functions/Engine_MaterialFunctions02/Utility/MakeFloat3.uexp" 279
"../../../Engine/Content/Functions/Engine_MaterialFunctions02/Utility/BreakOutFloat3Components.uasset" 280
"../../../Engine/Content/Functions/Engine_MaterialFunctions02/Utility/BreakOutFloat3Components.uexp" 281
"../../../Engine/Content/EditorMaterials/WorldPartition/WorldPartitionSpatialHashGridPreviewMaterial.uasset" 282
"../../../Engine/Content/EditorMaterials/WorldPartition/WorldPartitionSpatialHashGridPreviewMaterial.uexp" 283
"../../../Engine/Content/EditorMaterials/ParticleSystems/PSysThumbnail_OOD.ubulk" 284
"../../../Engine/Content/EditorMaterials/ParticleSystems/PSysThumbnail_OOD.uasset" 285
"../../../Engine/Content/EditorMaterials/ParticleSystems/PSysThumbnail_OOD.uexp" 286
"../../../Engine/Content/EditorMaterials/ParticleSystems/PSysThumbnail_NoImage.ubulk" 287
"../../../Engine/Content/EditorMaterials/ParticleSystems/PSysThumbnail_NoImage.uasset" 288
"../../../Engine/Content/EditorMaterials/ParticleSystems/PSysThumbnail_NoImage.uexp" 289
"../../../Engine/Content/EditorMaterials/MatineeGroups/MAT_Groups_Vector.uasset" 290
"../../../Engine/Content/EditorMaterials/MatineeGroups/MAT_Groups_Vector.uexp" 291
"../../../Engine/Content/EditorMaterials/MatineeGroups/MAT_Groups_Sound.uasset" 292
"../../../Engine/Content/EditorMaterials/MatineeGroups/MAT_Groups_Sound.uexp" 293
"../../../Engine/Content/EditorMaterials/MatineeGroups/MAT_Groups_Slomo.uasset" 294
"../../../Engine/Content/EditorMaterials/MatineeGroups/MAT_Groups_Slomo.uexp" 295
"../../../Engine/Content/EditorMaterials/MatineeGroups/MAT_Groups_Move.uasset" 296
"../../../Engine/Content/EditorMaterials/MatineeGroups/MAT_Groups_Move.uexp" 297
"../../../Engine/Content/EditorMaterials/MatineeGroups/MAT_Groups_Float.uasset" 298
"../../../Engine/Content/EditorMaterials/MatineeGroups/MAT_Groups_Float.uexp" 299
"../../../Engine/Content/EditorMaterials/MatineeGroups/MAT_Groups_Fade.uasset" 300
"../../../Engine/Content/EditorMaterials/MatineeGroups/MAT_Groups_Fade.uexp" 301
"../../../Engine/Content/EditorMaterials/MatineeGroups/MAT_Groups_Event.uasset" 302
"../../../Engine/Content/EditorMaterials/MatineeGroups/MAT_Groups_Event.uexp" 303
"../../../Engine/Content/EditorMaterials/MatineeGroups/MAT_Groups_Director.uasset" 304
"../../../Engine/Content/EditorMaterials/MatineeGroups/MAT_Groups_Director.uexp" 305
"../../../Engine/Content/EditorMaterials/MatineeGroups/MAT_Groups_AudioMaster.uasset" 306
"../../../Engine/Content/EditorMaterials/MatineeGroups/MAT_Groups_AudioMaster.uexp" 307
"../../../Engine/Content/EditorMaterials/MatineeGroups/MAT_Groups_Anim.uasset" 308
"../../../Engine/Content/EditorMaterials/MatineeGroups/MAT_Groups_Anim.uexp" 309
"../../../Engine/Content/EditorMaterials/MatineeGroups/MAT_ColorTrack.uasset" 310
"../../../Engine/Content/EditorMaterials/MatineeGroups/MAT_ColorTrack.uexp" 311
"../../../Engine/Content/EditorLandscapeResources/DefaultAlphaTexture.uasset" 312
"../../../Engine/Content/EditorLandscapeResources/DefaultAlphaTexture.uexp" 313
"../../../Engine/Content/EditorLandscapeResources/DataLayer.uasset" 314
"../../../Engine/Content/EditorLandscapeResources/DataLayer.uexp" 315
"../../../Engine/Content/MobileResources/HUD/VirtualJoystick_Background.uasset" 316
"../../../Engine/Content/MobileResources/HUD/VirtualJoystick_Background.uexp" 317
"../../../Engine/Content/MobileResources/HUD/VirtualJoystick_Thumb.uasset" 318
"../../../Engine/Content/MobileResources/HUD/VirtualJoystick_Thumb.uexp" 319
"../../../Engine/Content/MobileResources/HUD/DefaultVirtualJoysticks.uasset" 320
"../../../Engine/Content/MobileResources/HUD/DefaultVirtualJoysticks.uexp" 321
"../../../Engine/Plugins/2D/Paper2D/Content/PlaceholderTextures/DummySpriteTexture.ubulk" 322
"../../../Engine/Plugins/2D/Paper2D/Content/PlaceholderTextures/DummySpriteTexture.uasset" 323
"../../../Engine/Plugins/2D/Paper2D/Content/PlaceholderTextures/DummySpriteTexture.uexp" 324
"../../../Engine/Plugins/2D/Paper2D/Content/DefaultSpriteMaterial.uasset" 325
"../../../Engine/Plugins/2D/Paper2D/Content/DefaultSpriteMaterial.uexp" 326
"../../../Engine/Plugins/2D/Paper2D/Content/OpaqueUnlitSpriteMaterial.uasset" 327
"../../../Engine/Plugins/2D/Paper2D/Content/OpaqueUnlitSpriteMaterial.uexp" 328
"../../../Engine/Plugins/2D/Paper2D/Content/MaskedUnlitSpriteMaterial.uasset" 329
"../../../Engine/Plugins/2D/Paper2D/Content/MaskedUnlitSpriteMaterial.uexp" 330
"../../../Engine/Plugins/2D/Paper2D/Content/DummySprite.uasset" 331
"../../../Engine/Plugins/2D/Paper2D/Content/DummySprite.uexp" 332
"../../../Engine/Plugins/2D/Paper2D/Content/DefaultPaperTerrainMaterial.uasset" 333
"../../../Engine/Plugins/2D/Paper2D/Content/DefaultPaperTerrainMaterial.uexp" 334
"../../../Engine/Plugins/Runtime/HairStrands/Content/Materials/HairMeshesDefaultMaterial.uasset" 335
"../../../Engine/Plugins/Runtime/HairStrands/Content/Materials/HairMeshesDefaultMaterial.uexp" 336
"../../../Engine/Plugins/Runtime/HairStrands/Content/Materials/HairDefaultMaterial.uasset" 337
"../../../Engine/Plugins/Runtime/HairStrands/Content/Materials/HairDefaultMaterial.uexp" 338
"../../../Engine/Plugins/Runtime/HairStrands/Content/Materials/HairGroupColors.uasset" 339
"../../../Engine/Plugins/Runtime/HairStrands/Content/Materials/HairGroupColors.uexp" 340
"../../../Engine/Content/EngineMaterials/HairColorMap.uasset" 341
"../../../Engine/Content/EngineMaterials/HairColorMap.uexp" 342
"../../../Engine/Content/EngineMaterials/HairDebugColor.uasset" 343
"../../../Engine/Content/EngineMaterials/HairDebugColor.uexp" 344
"../../../Engine/Plugins/Runtime/HairStrands/Content/Materials/HairDebugMaterial.uasset" 345
"../../../Engine/Plugins/Runtime/HairStrands/Content/Materials/HairDebugMaterial.uexp" 346
"../../../Engine/Plugins/Runtime/HairStrands/Content/Materials/HairCardsDefaultMaterial.uasset" 347
"../../../Engine/Plugins/Runtime/HairStrands/Content/Materials/HairCardsDefaultMaterial.uexp" 348
"../../../Engine/Plugins/Editor/SpeedTreeImporter/Content/SpeedTree9/game_wind_noise.ubulk" 349
"../../../Engine/Plugins/Editor/SpeedTreeImporter/Content/SpeedTree9/game_wind_noise.uasset" 350
"../../../Engine/Plugins/Editor/SpeedTreeImporter/Content/SpeedTree9/game_wind_noise.uexp" 351
"../../../Engine/Plugins/Editor/SpeedTreeImporter/Content/SpeedTree9/UnpackDirection.uasset" 352
"../../../Engine/Plugins/Editor/SpeedTreeImporter/Content/SpeedTree9/UnpackDirection.uexp" 353
"../../../Engine/Content/Functions/Engine_MaterialFunctions02/ObjectLocalBounds.uasset" 354
"../../../Engine/Content/Functions/Engine_MaterialFunctions02/ObjectLocalBounds.uexp" 355
"../../../Engine/Content/Functions/Engine_MaterialFunctions02/UVs/BoundingBoxBased_0-1_UVW.uasset" 356
"../../../Engine/Content/Functions/Engine_MaterialFunctions02/UVs/BoundingBoxBased_0-1_UVW.uexp" 357
"../../../Engine/Content/Functions/Engine_MaterialFunctions02/Utility/VectorLength.uasset" 358
"../../../Engine/Content/Functions/Engine_MaterialFunctions02/Utility/VectorLength.uexp" 359
"../../../Engine/Plugins/Editor/SpeedTreeImporter/Content/SpeedTree9/UnpackInteger3.uasset" 360
"../../../Engine/Plugins/Editor/SpeedTreeImporter/Content/SpeedTree9/UnpackInteger3.uexp" 361
"../../../Engine/Plugins/Editor/SpeedTreeImporter/Content/SpeedTree9/SpeedTreeCameraFacing.uasset" 362
"../../../Engine/Plugins/Editor/SpeedTreeImporter/Content/SpeedTree9/SpeedTreeCameraFacing.uexp" 363
"../../../Engine/Content/Functions/Engine_MaterialFunctions02/WorldPositionOffset/ObjectScale.uasset" 364
"../../../Engine/Content/Functions/Engine_MaterialFunctions02/WorldPositionOffset/ObjectScale.uexp" 365
"../../../Engine/Content/Functions/Engine_MaterialFunctions02/SafeNormalize.uasset" 366
"../../../Engine/Content/Functions/Engine_MaterialFunctions02/SafeNormalize.uexp" 367
"../../../Engine/Plugins/Editor/SpeedTreeImporter/Content/SpeedTree9/SpeedTreeWindMotion.uasset" 368
"../../../Engine/Plugins/Editor/SpeedTreeImporter/Content/SpeedTree9/SpeedTreeWindMotion.uexp" 369
"../../../Engine/Plugins/Editor/SpeedTreeImporter/Content/SpeedTree9/SpeedTreeBranchMotion.uasset" 370
"../../../Engine/Plugins/Editor/SpeedTreeImporter/Content/SpeedTree9/SpeedTreeBranchMotion.uexp" 371
"../../../Engine/Plugins/Editor/SpeedTreeImporter/Content/SpeedTree9/SpeedTreeWind.uasset" 372
"../../../Engine/Plugins/Editor/SpeedTreeImporter/Content/SpeedTree9/SpeedTreeWind.uexp" 373
"../../../Engine/Plugins/Editor/SpeedTreeImporter/Content/SpeedTree9/EmptyNormal.uasset" 374
"../../../Engine/Plugins/Editor/SpeedTreeImporter/Content/SpeedTree9/EmptyNormal.uexp" 375
"../../../Engine/Plugins/Editor/SpeedTreeImporter/Content/SpeedTree9/Empty.uasset" 376
"../../../Engine/Plugins/Editor/SpeedTreeImporter/Content/SpeedTree9/Empty.uexp" 377
"../../../Engine/Plugins/Editor/SpeedTreeImporter/Content/SpeedTree9/SpeedTreeMaster.uasset" 378
"../../../Engine/Plugins/Editor/SpeedTreeImporter/Content/SpeedTree9/SpeedTreeMaster.uexp" 379
"../../../Engine/Plugins/Editor/SpeedTreeImporter/Content/SpeedTree9/SpeedTreeBillboard.uasset" 380
"../../../Engine/Plugins/Editor/SpeedTreeImporter/Content/SpeedTree9/SpeedTreeBillboard.uexp" 381
"../../../Engine/Plugins/Editor/SpeedTreeImporter/Content/SpeedTree9/SpeedTreeBillboardMaster.uasset" 382
"../../../Engine/Plugins/Editor/SpeedTreeImporter/Content/SpeedTree9/SpeedTreeBillboardMaster.uexp" 383
"../../../Engine/Plugins/Animation/ControlRig/Content/M_Manip.uasset" 384
"../../../Engine/Plugins/Animation/ControlRig/Content/M_Manip.uexp" 385
"../../../Engine/Plugins/Animation/ControlRig/Content/Controls/DefaultGizmoLibraryNormalized.uasset" 386
"../../../Engine/Plugins/Animation/ControlRig/Content/Controls/DefaultGizmoLibraryNormalized.uexp" 387
"../../../Engine/Plugins/Animation/ControlRig/Content/Controls/ControlRig_Wedge_solid.ubulk" 388
"../../../Engine/Plugins/Animation/ControlRig/Content/Controls/ControlRig_Wedge_solid.uasset" 389
"../../../Engine/Plugins/Animation/ControlRig/Content/Controls/ControlRig_Wedge_solid.uexp" 390
"../../../Engine/Plugins/Animation/ControlRig/Content/Controls/ControlRig_Wedge_3mm.ubulk" 391
"../../../Engine/Plugins/Animation/ControlRig/Content/Controls/ControlRig_Wedge_3mm.uasset" 392
"../../../Engine/Plugins/Animation/ControlRig/Content/Controls/ControlRig_Wedge_3mm.uexp" 393
"../../../Engine/Plugins/Animation/ControlRig/Content/Controls/ControlRig_Wedge_1mm.ubulk" 394
"../../../Engine/Plugins/Animation/ControlRig/Content/Controls/ControlRig_Wedge_1mm.uasset" 395
"../../../Engine/Plugins/Animation/ControlRig/Content/Controls/ControlRig_Wedge_1mm.uexp" 396
"../../../Engine/Plugins/Animation/ControlRig/Content/Controls/ControlRig_Triangle_solid.ubulk" 397
"../../../Engine/Plugins/Animation/ControlRig/Content/Controls/ControlRig_Triangle_solid.uasset" 398
"../../../Engine/Plugins/Animation/ControlRig/Content/Controls/ControlRig_Triangle_solid.uexp" 399
"../../../Engine/Plugins/Animation/ControlRig/Content/Controls/ControlRig_Triangle_3mm.ubulk" 400
"../../../Engine/Plugins/Animation/ControlRig/Content/Controls/ControlRig_Triangle_3mm.uasset" 401
"../../../Engine/Plugins/Animation/ControlRig/Content/Controls/ControlRig_Triangle_3mm.uexp" 402
"../../../Engine/Plugins/Animation/ControlRig/Content/Controls/ControlRig_Triangle_1mm.ubulk" 403
"../../../Engine/Plugins/Animation/ControlRig/Content/Controls/ControlRig_Triangle_1mm.uasset" 404
"../../../Engine/Plugins/Animation/ControlRig/Content/Controls/ControlRig_Triangle_1mm.uexp" 405
"../../../Engine/Plugins/Animation/ControlRig/Content/Controls/ControlRig_Star4_solid.ubulk" 406
"../../../Engine/Plugins/Animation/ControlRig/Content/Controls/ControlRig_Star4_solid.uasset" 407
"../../../Engine/Plugins/Animation/ControlRig/Content/Controls/ControlRig_Star4_solid.uexp" 408
"../../../Engine/Plugins/Animation/ControlRig/Content/Controls/ControlRig_Star4_3mm.ubulk" 409
"../../../Engine/Plugins/Animation/ControlRig/Content/Controls/ControlRig_Star4_3mm.uasset" 410
"../../../Engine/Plugins/Animation/ControlRig/Content/Controls/ControlRig_Star4_3mm.uexp" 411
"../../../Engine/Plugins/Animation/ControlRig/Content/Controls/ControlRig_Star4_1mm.ubulk" 412
"../../../Engine/Plugins/Animation/ControlRig/Content/Controls/ControlRig_Star4_1mm.uasset" 413
"../../../Engine/Plugins/Animation/ControlRig/Content/Controls/ControlRig_Star4_1mm.uexp" 414
"../../../Engine/Plugins/Animation/ControlRig/Content/Controls/ControlRig_Square_solid.ubulk" 415
"../../../Engine/Plugins/Animation/ControlRig/Content/Controls/ControlRig_Square_solid.uasset" 416
"../../../Engine/Plugins/Animation/ControlRig/Content/Controls/ControlRig_Square_solid.uexp" 417
"../../../Engine/Plugins/Animation/ControlRig/Content/Controls/ControlRig_Square_3mm.ubulk" 418
"../../../Engine/Plugins/Animation/ControlRig/Content/Controls/ControlRig_Square_3mm.uasset" 419
"../../../Engine/Plugins/Animation/ControlRig/Content/Controls/ControlRig_Square_3mm.uexp" 420
"../../../Engine/Plugins/Animation/ControlRig/Content/Controls/ControlRig_Square_1mm.ubulk" 421
"../../../Engine/Plugins/Animation/ControlRig/Content/Controls/ControlRig_Square_1mm.uasset" 422
"../../../Engine/Plugins/Animation/ControlRig/Content/Controls/ControlRig_Square_1mm.uexp" 423
"../../../Engine/Plugins/Animation/ControlRig/Content/Controls/ControlRig_Sphere_solid.ubulk" 424
"../../../Engine/Plugins/Animation/ControlRig/Content/Controls/ControlRig_Sphere_solid.uasset" 425
"../../../Engine/Plugins/Animation/ControlRig/Content/Controls/ControlRig_Sphere_solid.uexp" 426
"../../../Engine/Plugins/Animation/ControlRig/Content/Controls/ControlRig_Sphere_3mm.ubulk" 427
"../../../Engine/Plugins/Animation/ControlRig/Content/Controls/ControlRig_Sphere_3mm.uasset" 428
"../../../Engine/Plugins/Animation/ControlRig/Content/Controls/ControlRig_Sphere_3mm.uexp" 429
"../../../Engine/Plugins/Animation/ControlRig/Content/Controls/ControlRig_Sphere_1mm.ubulk" 430
"../../../Engine/Plugins/Animation/ControlRig/Content/Controls/ControlRig_Sphere_1mm.uasset" 431
"../../../Engine/Plugins/Animation/ControlRig/Content/Controls/ControlRig_Sphere_1mm.uexp" 432
"../../../Engine/Plugins/Animation/ControlRig/Content/Controls/ControlRig_RoundedTriangle_solid.ubulk" 433
"../../../Engine/Plugins/Animation/ControlRig/Content/Controls/ControlRig_RoundedTriangle_solid.uasset" 434
"../../../Engine/Plugins/Animation/ControlRig/Content/Controls/ControlRig_RoundedTriangle_solid.uexp" 435
"../../../Engine/Plugins/Animation/ControlRig/Content/Controls/ControlRig_RoundedTriangle_3mm.ubulk" 436
"../../../Engine/Plugins/Animation/ControlRig/Content/Controls/ControlRig_RoundedTriangle_3mm.uasset" 437
"../../../Engine/Plugins/Animation/ControlRig/Content/Controls/ControlRig_RoundedTriangle_3mm.uexp" 438
"../../../Engine/Plugins/Animation/ControlRig/Content/Controls/ControlRig_RoundedTriangle_1mm.ubulk" 439
"../../../Engine/Plugins/Animation/ControlRig/Content/Controls/ControlRig_RoundedTriangle_1mm.uasset" 440
"../../../Engine/Plugins/Animation/ControlRig/Content/Controls/ControlRig_RoundedTriangle_1mm.uexp" 441
"../../../Engine/Plugins/Animation/ControlRig/Content/Controls/ControlRig_RoundedSquare_solid.ubulk" 442
"../../../Engine/Plugins/Animation/ControlRig/Content/Controls/ControlRig_RoundedSquare_solid.uasset" 443
"../../../Engine/Plugins/Animation/ControlRig/Content/Controls/ControlRig_RoundedSquare_solid.uexp" 444
"../../../Engine/Plugins/Animation/ControlRig/Content/Controls/ControlRig_RoundedSquare_3mm.ubulk" 445
"../../../Engine/Plugins/Animation/ControlRig/Content/Controls/ControlRig_RoundedSquare_3mm.uasset" 446
"../../../Engine/Plugins/Animation/ControlRig/Content/Controls/ControlRig_RoundedSquare_3mm.uexp" 447
"../../../Engine/Plugins/Animation/ControlRig/Content/Controls/ControlRig_RoundedSquare_1mm.ubulk" 448
"../../../Engine/Plugins/Animation/ControlRig/Content/Controls/ControlRig_RoundedSquare_1mm.uasset" 449
"../../../Engine/Plugins/Animation/ControlRig/Content/Controls/ControlRig_RoundedSquare_1mm.uexp" 450
"../../../Engine/Plugins/Animation/ControlRig/Content/Controls/ControlRig_QuarterCircle_solid.ubulk" 451
"../../../Engine/Plugins/Animation/ControlRig/Content/Controls/ControlRig_QuarterCircle_solid.uasset" 452
"../../../Engine/Plugins/Animation/ControlRig/Content/Controls/ControlRig_QuarterCircle_solid.uexp" 453
"../../../Engine/Plugins/Animation/ControlRig/Content/Controls/ControlRig_QuarterCircle_3mm.ubulk" 454
"../../../Engine/Plugins/Animation/ControlRig/Content/Controls/ControlRig_QuarterCircle_3mm.uasset" 455
"../../../Engine/Plugins/Animation/ControlRig/Content/Controls/ControlRig_QuarterCircle_3mm.uexp" 456
"../../../Engine/Plugins/Animation/ControlRig/Content/Controls/ControlRig_QuarterCircle_1mm.ubulk" 457
"../../../Engine/Plugins/Animation/ControlRig/Content/Controls/ControlRig_QuarterCircle_1mm.uasset" 458
"../../../Engine/Plugins/Animation/ControlRig/Content/Controls/ControlRig_QuarterCircle_1mm.uexp" 459
"../../../Engine/Plugins/Animation/ControlRig/Content/Controls/ControlRig_Pyramid_solid.ubulk" 460
"../../../Engine/Plugins/Animation/ControlRig/Content/Controls/ControlRig_Pyramid_solid.uasset" 461
"../../../Engine/Plugins/Animation/ControlRig/Content/Controls/ControlRig_Pyramid_solid.uexp" 462
"../../../Engine/Plugins/Animation/ControlRig/Content/Controls/ControlRig_Pyramid_3mm.ubulk" 463
"../../../Engine/Plugins/Animation/ControlRig/Content/Controls/ControlRig_Pyramid_3mm.uasset" 464
"../../../Engine/Plugins/Animation/ControlRig/Content/Controls/ControlRig_Pyramid_3mm.uexp" 465
"../../../Engine/Plugins/Animation/ControlRig/Content/Controls/ControlRig_Pyramid_1mm.ubulk" 466
"../../../Engine/Plugins/Animation/ControlRig/Content/Controls/ControlRig_Pyramid_1mm.uasset" 467
"../../../Engine/Plugins/Animation/ControlRig/Content/Controls/ControlRig_Pyramid_1mm.uexp" 468
"../../../Engine/Plugins/Animation/ControlRig/Content/Controls/ControlRig_Octagon_solid.ubulk" 469
"../../../Engine/Plugins/Animation/ControlRig/Content/Controls/ControlRig_Octagon_solid.uasset" 470
"../../../Engine/Plugins/Animation/ControlRig/Content/Controls/ControlRig_Octagon_solid.uexp" 471
"../../../Engine/Plugins/Animation/ControlRig/Content/Controls/ControlRig_Octagon_3mm.ubulk" 472
"../../../Engine/Plugins/Animation/ControlRig/Content/Controls/ControlRig_Octagon_3mm.uasset" 473
"../../../Engine/Plugins/Animation/ControlRig/Content/Controls/ControlRig_Octagon_3mm.uexp" 474
"../../../Engine/Plugins/Animation/ControlRig/Content/Controls/ControlRig_Octagon_1mm.ubulk" 475
"../../../Engine/Plugins/Animation/ControlRig/Content/Controls/ControlRig_Octagon_1mm.uasset" 476
"../../../Engine/Plugins/Animation/ControlRig/Content/Controls/ControlRig_Octagon_1mm.uexp" 477
"../../../Engine/Plugins/Animation/ControlRig/Content/Controls/ControlRig_Hexagon_solid.ubulk" 478
"../../../Engine/Plugins/Animation/ControlRig/Content/Controls/ControlRig_Hexagon_solid.uasset" 479
"../../../Engine/Plugins/Animation/ControlRig/Content/Controls/ControlRig_Hexagon_solid.uexp" 480
"../../../Engine/Plugins/Animation/ControlRig/Content/Controls/ControlRig_Hexagon_3mm.ubulk" 481
"../../../Engine/Plugins/Animation/ControlRig/Content/Controls/ControlRig_Hexagon_3mm.uasset" 482
"../../../Engine/Plugins/Animation/ControlRig/Content/Controls/ControlRig_Hexagon_3mm.uexp" 483
"../../../Engine/Plugins/Animation/ControlRig/Content/Controls/ControlRig_Hexagon_1mm.ubulk" 484
"../../../Engine/Plugins/Animation/ControlRig/Content/Controls/ControlRig_Hexagon_1mm.uasset" 485
"../../../Engine/Plugins/Animation/ControlRig/Content/Controls/ControlRig_Hexagon_1mm.uexp" 486
"../../../Engine/Plugins/Animation/ControlRig/Content/Controls/ControlRig_HalfCircle_solid.ubulk" 487
"../../../Engine/Plugins/Animation/ControlRig/Content/Controls/ControlRig_HalfCircle_solid.uasset" 488
"../../../Engine/Plugins/Animation/ControlRig/Content/Controls/ControlRig_HalfCircle_solid.uexp" 489
"../../../Engine/Plugins/Animation/ControlRig/Content/Controls/ControlRig_HalfCircle_3mm.ubulk" 490
"../../../Engine/Plugins/Animation/ControlRig/Content/Controls/ControlRig_HalfCircle_3mm.uasset" 491
"../../../Engine/Plugins/Animation/ControlRig/Content/Controls/ControlRig_HalfCircle_3mm.uexp" 492
"../../../Engine/Plugins/Animation/ControlRig/Content/Controls/ControlRig_HalfCircle_1mm.ubulk" 493
"../../../Engine/Plugins/Animation/ControlRig/Content/Controls/ControlRig_HalfCircle_1mm.uasset" 494
"../../../Engine/Plugins/Animation/ControlRig/Content/Controls/ControlRig_HalfCircle_1mm.uexp" 495
"../../../Engine/Plugins/Animation/ControlRig/Content/Controls/ControlRig_Diamond_solid.ubulk" 496
"../../../Engine/Plugins/Animation/ControlRig/Content/Controls/ControlRig_Diamond_solid.uasset" 497
"../../../Engine/Plugins/Animation/ControlRig/Content/Controls/ControlRig_Diamond_solid.uexp" 498
"../../../Engine/Plugins/Animation/ControlRig/Content/Controls/ControlRig_Diamond_3mm.ubulk" 499
"../../../Engine/Plugins/Animation/ControlRig/Content/Controls/ControlRig_Diamond_3mm.uasset" 500
"../../../Engine/Plugins/Animation/ControlRig/Content/Controls/ControlRig_Diamond_3mm.uexp" 501
"../../../Engine/Plugins/Animation/ControlRig/Content/Controls/ControlRig_Diamond_1mm.ubulk" 502
"../../../Engine/Plugins/Animation/ControlRig/Content/Controls/ControlRig_Diamond_1mm.uasset" 503
"../../../Engine/Plugins/Animation/ControlRig/Content/Controls/ControlRig_Diamond_1mm.uexp" 504
"../../../Engine/Plugins/Animation/ControlRig/Content/Controls/ControlRig_Circle_solid.ubulk" 505
"../../../Engine/Plugins/Animation/ControlRig/Content/Controls/ControlRig_Circle_solid.uasset" 506
"../../../Engine/Plugins/Animation/ControlRig/Content/Controls/ControlRig_Circle_solid.uexp" 507
"../../../Engine/Plugins/Animation/ControlRig/Content/Controls/ControlRig_Circle_3mm.ubulk" 508
"../../../Engine/Plugins/Animation/ControlRig/Content/Controls/ControlRig_Circle_3mm.uasset" 509
"../../../Engine/Plugins/Animation/ControlRig/Content/Controls/ControlRig_Circle_3mm.uexp" 510
"../../../Engine/Plugins/Animation/ControlRig/Content/Controls/ControlRig_Circle_1mm.ubulk" 511
"../../../Engine/Plugins/Animation/ControlRig/Content/Controls/ControlRig_Circle_1mm.uasset" 512
"../../../Engine/Plugins/Animation/ControlRig/Content/Controls/ControlRig_Circle_1mm.uexp" 513
"../../../Engine/Plugins/Animation/ControlRig/Content/Controls/ControlRig_Box_solid.ubulk" 514
"../../../Engine/Plugins/Animation/ControlRig/Content/Controls/ControlRig_Box_solid.uasset" 515
"../../../Engine/Plugins/Animation/ControlRig/Content/Controls/ControlRig_Box_solid.uexp" 516
"../../../Engine/Plugins/Animation/ControlRig/Content/Controls/ControlRig_Box_3mm.ubulk" 517
"../../../Engine/Plugins/Animation/ControlRig/Content/Controls/ControlRig_Box_3mm.uasset" 518
"../../../Engine/Plugins/Animation/ControlRig/Content/Controls/ControlRig_Box_3mm.uexp" 519
"../../../Engine/Plugins/Animation/ControlRig/Content/Controls/ControlRig_Box_1mm.ubulk" 520
"../../../Engine/Plugins/Animation/ControlRig/Content/Controls/ControlRig_Box_1mm.uasset" 521
"../../../Engine/Plugins/Animation/ControlRig/Content/Controls/ControlRig_Box_1mm.uexp" 522
"../../../Engine/Plugins/Animation/ControlRig/Content/Controls/ControlRig_Arrow_solid.ubulk" 523
"../../../Engine/Plugins/Animation/ControlRig/Content/Controls/ControlRig_Arrow_solid.uasset" 524
"../../../Engine/Plugins/Animation/ControlRig/Content/Controls/ControlRig_Arrow_solid.uexp" 525
"../../../Engine/Plugins/Animation/ControlRig/Content/Controls/ControlRig_Arrow_3mm.ubulk" 526
"../../../Engine/Plugins/Animation/ControlRig/Content/Controls/ControlRig_Arrow_3mm.uasset" 527
"../../../Engine/Plugins/Animation/ControlRig/Content/Controls/ControlRig_Arrow_3mm.uexp" 528
"../../../Engine/Plugins/Animation/ControlRig/Content/Controls/ControlRig_Arrow_1mm.ubulk" 529
"../../../Engine/Plugins/Animation/ControlRig/Content/Controls/ControlRig_Arrow_1mm.uasset" 530
"../../../Engine/Plugins/Animation/ControlRig/Content/Controls/ControlRig_Arrow_1mm.uexp" 531
"../../../Engine/Plugins/Animation/ControlRig/Content/Controls/ControlRig_Arrow4_solid.ubulk" 532
"../../../Engine/Plugins/Animation/ControlRig/Content/Controls/ControlRig_Arrow4_solid.uasset" 533
"../../../Engine/Plugins/Animation/ControlRig/Content/Controls/ControlRig_Arrow4_solid.uexp" 534
"../../../Engine/Plugins/Animation/ControlRig/Content/Controls/ControlRig_Arrow4_3mm.ubulk" 535
"../../../Engine/Plugins/Animation/ControlRig/Content/Controls/ControlRig_Arrow4_3mm.uasset" 536
"../../../Engine/Plugins/Animation/ControlRig/Content/Controls/ControlRig_Arrow4_3mm.uexp" 537
"../../../Engine/Plugins/Animation/ControlRig/Content/Controls/ControlRig_Arrow4_1mm.ubulk" 538
"../../../Engine/Plugins/Animation/ControlRig/Content/Controls/ControlRig_Arrow4_1mm.uasset" 539
"../../../Engine/Plugins/Animation/ControlRig/Content/Controls/ControlRig_Arrow4_1mm.uexp" 540
"../../../Engine/Plugins/Animation/ControlRig/Content/Controls/ControlRig_Arrow2_solid.ubulk" 541
"../../../Engine/Plugins/Animation/ControlRig/Content/Controls/ControlRig_Arrow2_solid.uasset" 542
"../../../Engine/Plugins/Animation/ControlRig/Content/Controls/ControlRig_Arrow2_solid.uexp" 543
"../../../Engine/Plugins/Animation/ControlRig/Content/Controls/ControlRig_Arrow2_3mm.ubulk" 544
"../../../Engine/Plugins/Animation/ControlRig/Content/Controls/ControlRig_Arrow2_3mm.uasset" 545
"../../../Engine/Plugins/Animation/ControlRig/Content/Controls/ControlRig_Arrow2_3mm.uexp" 546
"../../../Engine/Plugins/Animation/ControlRig/Content/Controls/ControlRig_Arrow2_1mm.ubulk" 547
"../../../Engine/Plugins/Animation/ControlRig/Content/Controls/ControlRig_Arrow2_1mm.uasset" 548
"../../../Engine/Plugins/Animation/ControlRig/Content/Controls/ControlRig_Arrow2_1mm.uexp" 549
"../../../Engine/Plugins/Animation/ControlRig/Content/Controls/ControlRigGizmoMaterial.uasset" 550
"../../../Engine/Plugins/Animation/ControlRig/Content/Controls/ControlRigGizmoMaterial.uexp" 551
"../../../Engine/Content/VREditor/TransformGizmo/Main.uasset" 552
"../../../Engine/Content/VREditor/TransformGizmo/Main.uexp" 553
"../../../Engine/Content/VREditor/TransformGizmo/Xray.uasset" 554
"../../../Engine/Content/VREditor/TransformGizmo/Xray.uexp" 555
"../../../Engine/Content/VREditor/TransformGizmo/SM_Sequencer_Node.ubulk" 556
"../../../Engine/Content/VREditor/TransformGizmo/SM_Sequencer_Node.uasset" 557
"../../../Engine/Content/VREditor/TransformGizmo/SM_Sequencer_Node.uexp" 558
"../../../Engine/Content/VREditor/LaserPointer/VR_LaserPower_01.ubulk" 559
"../../../Engine/Content/VREditor/LaserPointer/VR_LaserPower_01.uasset" 560
"../../../Engine/Content/VREditor/LaserPointer/VR_LaserPower_01.uexp" 561
"../../../Engine/Content/VREditor/TransformGizmo/TransformGizmoMaterial.uasset" 562
"../../../Engine/Content/VREditor/TransformGizmo/TransformGizmoMaterial.uexp" 563
"../../../Engine/Content/VREditor/TransformGizmo/TranslucentTransformGizmoMaterial.uasset" 564
"../../../Engine/Content/VREditor/TransformGizmo/TranslucentTransformGizmoMaterial.uexp" 565
"../../../Engine/Content/VREditor/TransformGizmo/PlaneTranslationHandle.ubulk" 566
"../../../Engine/Content/VREditor/TransformGizmo/PlaneTranslationHandle.uasset" 567
"../../../Engine/Content/VREditor/TransformGizmo/PlaneTranslationHandle.uexp" 568
"../../../Engine/Content/VREditor/TransformGizmo/BoundingBoxEdge.ubulk" 569
"../../../Engine/Content/VREditor/TransformGizmo/BoundingBoxEdge.uasset" 570
"../../../Engine/Content/VREditor/TransformGizmo/BoundingBoxEdge.uexp" 571
"../../../Engine/Content/VREditor/TransformGizmo/BoundingBoxCorner.ubulk" 572
"../../../Engine/Content/VREditor/TransformGizmo/BoundingBoxCorner.uasset" 573
"../../../Engine/Content/VREditor/TransformGizmo/BoundingBoxCorner.uexp" 574
"../../../Engine/Content/Tutorial/ContentIntroCurve.uasset" 575
"../../../Engine/Content/Tutorial/ContentIntroCurve.uexp" 576
"../../../Engine/Content/Maps/Entry_BuiltData.uasset" 577
"../../../Engine/Content/Maps/Entry_BuiltData.uexp" 578
"../../../Engine/Content/Maps/Entry.uexp" 579
"../../../Engine/Content/Maps/Entry.umap" 580
"../../../Engine/Content/EngineMaterials/BlendFunc_DefBlend.uasset" 581
"../../../Engine/Content/EngineMaterials/BlendFunc_DefBlend.uexp" 582
"../../../Engine/Content/EngineMaterials/BlendFunc_DefBase.uasset" 583
"../../../Engine/Content/EngineMaterials/BlendFunc_DefBase.uexp" 584
"../../../Engine/Content/Functions/Engine_MaterialFunctions03/Blends/Blend_Overlay.uasset" 585
"../../../Engine/Content/Functions/Engine_MaterialFunctions03/Blends/Blend_Overlay.uexp" 586
"../../../Engine/Content/OpenWorldTemplate/LandscapeMaterial/T_GridChecker_A.ubulk" 587
"../../../Engine/Content/OpenWorldTemplate/LandscapeMaterial/T_GridChecker_A.uasset" 588
"../../../Engine/Content/OpenWorldTemplate/LandscapeMaterial/T_GridChecker_A.uexp" 589
"../../../Engine/Content/Functions/Engine_MaterialFunctions01/Gradient/LinearGradient.uasset" 590
"../../../Engine/Content/Functions/Engine_MaterialFunctions01/Gradient/LinearGradient.uexp" 591
"../../../Engine/Content/Functions/Engine_MaterialFunctions01/ImageAdjustment/CheapContrast.uasset" 592
"../../../Engine/Content/Functions/Engine_MaterialFunctions01/ImageAdjustment/CheapContrast.uexp" 593
"../../../Engine/Content/OpenWorldTemplate/LandscapeMaterial/MF_ProcGrid.uasset" 594
"../../../Engine/Content/OpenWorldTemplate/LandscapeMaterial/MF_ProcGrid.uexp" 595
"../../../Engine/Content/OpenWorldTemplate/LandscapeMaterial/M_ProcGrid.uasset" 596
"../../../Engine/Content/OpenWorldTemplate/LandscapeMaterial/M_ProcGrid.uexp" 597
"../../../Engine/Content/OpenWorldTemplate/LandscapeMaterial/MI_ProcGrid.uasset" 598
"../../../Engine/Content/OpenWorldTemplate/LandscapeMaterial/MI_ProcGrid.uexp" 599
"../../../Engine/Content/EngineSky/T_Sky_Stars.ubulk" 600
"../../../Engine/Content/EngineSky/T_Sky_Stars.uasset" 601
"../../../Engine/Content/EngineSky/T_Sky_Stars.uexp" 602
"../../../Engine/Content/EngineSky/T_Sky_Clouds_M.ubulk" 603
"../../../Engine/Content/EngineSky/T_Sky_Clouds_M.uasset" 604
"../../../Engine/Content/EngineSky/T_Sky_Clouds_M.uexp" 605
"../../../Engine/Content/EngineSky/T_Sky_Blue.ubulk" 606
"../../../Engine/Content/EngineSky/T_Sky_Blue.uasset" 607
"../../../Engine/Content/EngineSky/T_Sky_Blue.uexp" 608
"../../../Engine/Content/EngineSky/M_Sky_Panning_Clouds2.uasset" 609
"../../../Engine/Content/EngineSky/M_Sky_Panning_Clouds2.uexp" 610
"../../../Engine/Content/EngineSky/SM_SkySphere.ubulk" 611
"../../../Engine/Content/EngineSky/SM_SkySphere.uasset" 612
"../../../Engine/Content/EngineSky/SM_SkySphere.uexp" 613
"C:/Users/User/Desktop/Blaster/Plugins/MultiplayerSessions/Content/WBP_Menu.uasset" 614
"C:/Users/User/Desktop/Blaster/Plugins/MultiplayerSessions/Content/WBP_Menu.uexp" 615
"../../../Engine/Content/MapTemplates/SM_Template_Map_Floor.ubulk" 616
"../../../Engine/Content/MapTemplates/SM_Template_Map_Floor.uasset" 617
"../../../Engine/Content/MapTemplates/SM_Template_Map_Floor.uexp" 618
"C:/Users/User/Desktop/Blaster/Content/Maps/Lobby_BuiltData.ubulk" 619
"C:/Users/User/Desktop/Blaster/Content/Maps/Lobby_BuiltData.uasset" 620
"C:/Users/User/Desktop/Blaster/Content/Maps/Lobby_BuiltData.uexp" 621
"../../../Engine/Content/EngineSky/M_SimpleSkyDome.uasset" 622
"../../../Engine/Content/EngineSky/M_SimpleSkyDome.uexp" 623
"C:/Users/User/Desktop/Blaster/Content/LearningKit_Games/Assets/Characters/Character/Texture/T_EpicCharacter_Skin_BC.ubulk" 624
"C:/Users/User/Desktop/Blaster/Content/LearningKit_Games/Assets/Characters/Character/Texture/T_EpicCharacter_Skin_BC.uasset" 625
"C:/Users/User/Desktop/Blaster/Content/LearningKit_Games/Assets/Characters/Character/Texture/T_EpicCharacter_Skin_BC.uexp" 626
"../../../Engine/Content/MapTemplates/TilingNoise05.ubulk" 627
"../../../Engine/Content/MapTemplates/TilingNoise05.uasset" 628
"../../../Engine/Content/MapTemplates/TilingNoise05.uexp" 629
"../../../Engine/Content/Functions/Engine_MaterialFunctions02/ExampleContent/Textures/LowResBlurredNoise.uasset" 630
"../../../Engine/Content/Functions/Engine_MaterialFunctions02/ExampleContent/Textures/LowResBlurredNoise.uexp" 631
"C:/Users/User/Desktop/Blaster/Content/LearningKit_Games/Assets/Characters/Character/Texture/T_EpicCharacter_Backpack_RGB.ubulk" 632
"C:/Users/User/Desktop/Blaster/Content/LearningKit_Games/Assets/Characters/Character/Texture/T_EpicCharacter_Backpack_RGB.uasset" 633
"C:/Users/User/Desktop/Blaster/Content/LearningKit_Games/Assets/Characters/Character/Texture/T_EpicCharacter_Backpack_RGB.uexp" 634
"C:/Users/User/Desktop/Blaster/Content/LearningKit_Games/Assets/Characters/Character/Texture/T_EpicCharacter_Backpack_BC.ubulk" 635
"C:/Users/User/Desktop/Blaster/Content/LearningKit_Games/Assets/Characters/Character/Texture/T_EpicCharacter_Backpack_BC.uasset" 636
"C:/Users/User/Desktop/Blaster/Content/LearningKit_Games/Assets/Characters/Character/Texture/T_EpicCharacter_Backpack_BC.uexp" 637
"C:/Users/User/Desktop/Blaster/Content/LearningKit_Games/Assets/_Shared/Textures/T_Default_N.ubulk" 638
"C:/Users/User/Desktop/Blaster/Content/LearningKit_Games/Assets/_Shared/Textures/T_Default_N.uasset" 639
"C:/Users/User/Desktop/Blaster/Content/LearningKit_Games/Assets/_Shared/Textures/T_Default_N.uexp" 640
"C:/Users/User/Desktop/Blaster/Content/LearningKit_Games/Assets/_Shared/Textures/T_Default_BC.ubulk" 641
"C:/Users/User/Desktop/Blaster/Content/LearningKit_Games/Assets/_Shared/Textures/T_Default_BC.uasset" 642
"C:/Users/User/Desktop/Blaster/Content/LearningKit_Games/Assets/_Shared/Textures/T_Default_BC.uexp" 643
"C:/Users/User/Desktop/Blaster/Content/LearningKit_Games/Assets/_Shared/Textures/T_Default_ARM.ubulk" 644
"C:/Users/User/Desktop/Blaster/Content/LearningKit_Games/Assets/_Shared/Textures/T_Default_ARM.uasset" 645
"C:/Users/User/Desktop/Blaster/Content/LearningKit_Games/Assets/_Shared/Textures/T_Default_ARM.uexp" 646
"C:/Users/User/Desktop/Blaster/Content/LearningKit_Games/Assets/_Shared/Textures/T_Default_O.ubulk" 647
"C:/Users/User/Desktop/Blaster/Content/LearningKit_Games/Assets/_Shared/Textures/T_Default_O.uasset" 648
"C:/Users/User/Desktop/Blaster/Content/LearningKit_Games/Assets/_Shared/Textures/T_Default_O.uexp" 649
"C:/Users/User/Desktop/Blaster/Content/LearningKit_Games/Assets/_Shared/Textures/T_Default_RGB.ubulk" 650
"C:/Users/User/Desktop/Blaster/Content/LearningKit_Games/Assets/_Shared/Textures/T_Default_RGB.uasset" 651
"C:/Users/User/Desktop/Blaster/Content/LearningKit_Games/Assets/_Shared/Textures/T_Default_RGB.uexp" 652
"../../../Engine/Content/Functions/Engine_MaterialFunctions01/Texturing/WorldAlignedTexture.uasset" 653
"../../../Engine/Content/Functions/Engine_MaterialFunctions01/Texturing/WorldAlignedTexture.uexp" 654
"../../../Engine/Content/MaterialTemplates/LayerBlends/T_DefaultMaskTexture.uasset" 655
"../../../Engine/Content/MaterialTemplates/LayerBlends/T_DefaultMaskTexture.uexp" 656
"C:/Users/User/Desktop/Blaster/Content/LearningKit_Games/Assets/_Shared/Textures/T_Default_E.ubulk" 657
"C:/Users/User/Desktop/Blaster/Content/LearningKit_Games/Assets/_Shared/Textures/T_Default_E.uasset" 658
"C:/Users/User/Desktop/Blaster/Content/LearningKit_Games/Assets/_Shared/Textures/T_Default_E.uexp" 659
"C:/Users/User/Desktop/Blaster/Content/LearningKit_Games/Assets/_Shared/Functions/MF_MasterMaterialFunction.uasset" 660
"C:/Users/User/Desktop/Blaster/Content/LearningKit_Games/Assets/_Shared/Functions/MF_MasterMaterialFunction.uexp" 661
"C:/Users/User/Desktop/Blaster/Content/LearningKit_Games/Assets/_Shared/Materials/M_LearningKit_MasterMaterial.uasset" 662
"C:/Users/User/Desktop/Blaster/Content/LearningKit_Games/Assets/_Shared/Materials/M_LearningKit_MasterMaterial.uexp" 663
"C:/Users/User/Desktop/Blaster/Content/LearningKit_Games/Assets/_Shared/Materials/MI_Opaque_BaseInstance.uasset" 664
"C:/Users/User/Desktop/Blaster/Content/LearningKit_Games/Assets/_Shared/Materials/MI_Opaque_BaseInstance.uexp" 665
"../../../Engine/Content/EngineMaterials/DefaultNormal.ubulk" 666
"../../../Engine/Content/EngineMaterials/DefaultNormal.uasset" 667
"../../../Engine/Content/EngineMaterials/DefaultNormal.uexp" 668
"C:/Users/User/Desktop/Blaster/Content/LearningKit_Games/Assets/Characters/Character/Texture/T_EpicCharacter_Backpack_ARM.ubulk" 669
"C:/Users/User/Desktop/Blaster/Content/LearningKit_Games/Assets/Characters/Character/Texture/T_EpicCharacter_Backpack_ARM.uasset" 670
"C:/Users/User/Desktop/Blaster/Content/LearningKit_Games/Assets/Characters/Character/Texture/T_EpicCharacter_Backpack_ARM.uexp" 671
"C:/Users/User/Desktop/Blaster/Content/LearningKit_Games/Assets/Characters/Character/Material/MI_epicCharacter_Backpack.uasset" 672
"C:/Users/User/Desktop/Blaster/Content/LearningKit_Games/Assets/Characters/Character/Material/MI_epicCharacter_Backpack.uexp" 673
"C:/Users/User/Desktop/Blaster/Content/LearningKit_Games/Assets/Characters/Character/Texture/T_EpicCharacter_Skin_RGB.ubulk" 674
"C:/Users/User/Desktop/Blaster/Content/LearningKit_Games/Assets/Characters/Character/Texture/T_EpicCharacter_Skin_RGB.uasset" 675
"C:/Users/User/Desktop/Blaster/Content/LearningKit_Games/Assets/Characters/Character/Texture/T_EpicCharacter_Skin_RGB.uexp" 676
"C:/Users/User/Desktop/Blaster/Content/LearningKit_Games/Assets/Characters/Character/Texture/T_EpicCharacter_Skin_ARM.ubulk" 677
"C:/Users/User/Desktop/Blaster/Content/LearningKit_Games/Assets/Characters/Character/Texture/T_EpicCharacter_Skin_ARM.uasset" 678
"C:/Users/User/Desktop/Blaster/Content/LearningKit_Games/Assets/Characters/Character/Texture/T_EpicCharacter_Skin_ARM.uexp" 679
"C:/Users/User/Desktop/Blaster/Content/LearningKit_Games/Assets/Characters/Character/Material/MI_epicCharacter_Skin.uasset" 680
"C:/Users/User/Desktop/Blaster/Content/LearningKit_Games/Assets/Characters/Character/Material/MI_epicCharacter_Skin.uexp" 681
"C:/Users/User/Desktop/Blaster/Content/LearningKit_Games/Assets/Characters/Character/Texture/T_EpicCharacter_Tunic_E.ubulk" 682
"C:/Users/User/Desktop/Blaster/Content/LearningKit_Games/Assets/Characters/Character/Texture/T_EpicCharacter_Tunic_E.uasset" 683
"C:/Users/User/Desktop/Blaster/Content/LearningKit_Games/Assets/Characters/Character/Texture/T_EpicCharacter_Tunic_E.uexp" 684
"C:/Users/User/Desktop/Blaster/Content/LearningKit_Games/Assets/Characters/Character/Texture/T_EpicCharacter_Tunic_BC.ubulk" 685
"C:/Users/User/Desktop/Blaster/Content/LearningKit_Games/Assets/Characters/Character/Texture/T_EpicCharacter_Tunic_BC.uasset" 686
"C:/Users/User/Desktop/Blaster/Content/LearningKit_Games/Assets/Characters/Character/Texture/T_EpicCharacter_Tunic_BC.uexp" 687
"C:/Users/User/Desktop/Blaster/Content/LearningKit_Games/Assets/Characters/Character/Texture/T_EpicCharacter_Tunic_RGB.ubulk" 688
"C:/Users/User/Desktop/Blaster/Content/LearningKit_Games/Assets/Characters/Character/Texture/T_EpicCharacter_Tunic_RGB.uasset" 689
"C:/Users/User/Desktop/Blaster/Content/LearningKit_Games/Assets/Characters/Character/Texture/T_EpicCharacter_Tunic_RGB.uexp" 690
"C:/Users/User/Desktop/Blaster/Content/LearningKit_Games/Assets/Characters/Character/Texture/T_EpicCharacter_Tunic_ARM.ubulk" 691
"C:/Users/User/Desktop/Blaster/Content/LearningKit_Games/Assets/Characters/Character/Texture/T_EpicCharacter_Tunic_ARM.uasset" 692
"C:/Users/User/Desktop/Blaster/Content/LearningKit_Games/Assets/Characters/Character/Texture/T_EpicCharacter_Tunic_ARM.uexp" 693
"C:/Users/User/Desktop/Blaster/Content/LearningKit_Games/Assets/Characters/Character/Material/MI_epicCharacter_Tunic.uasset" 694
"C:/Users/User/Desktop/Blaster/Content/LearningKit_Games/Assets/Characters/Character/Material/MI_epicCharacter_Tunic.uexp" 695
"C:/Users/User/Desktop/Blaster/Content/LearningKit_Games/Assets/Characters/Character/Texture/T_EpicCharacter_SleevesShorts_BC.ubulk" 696
"C:/Users/User/Desktop/Blaster/Content/LearningKit_Games/Assets/Characters/Character/Texture/T_EpicCharacter_SleevesShorts_BC.uasset" 697
"C:/Users/User/Desktop/Blaster/Content/LearningKit_Games/Assets/Characters/Character/Texture/T_EpicCharacter_SleevesShorts_BC.uexp" 698
"C:/Users/User/Desktop/Blaster/Content/LearningKit_Games/Assets/Characters/Character/Texture/T_EpicCharacter_SleevesShorts_ARM.ubulk" 699
"C:/Users/User/Desktop/Blaster/Content/LearningKit_Games/Assets/Characters/Character/Texture/T_EpicCharacter_SleevesShorts_ARM.uasset" 700
"C:/Users/User/Desktop/Blaster/Content/LearningKit_Games/Assets/Characters/Character/Texture/T_EpicCharacter_SleevesShorts_ARM.uexp" 701
"C:/Users/User/Desktop/Blaster/Content/LearningKit_Games/Assets/Characters/Character/Texture/T_EpicCharacter_SleevesShorts_RGB.ubulk" 702
"C:/Users/User/Desktop/Blaster/Content/LearningKit_Games/Assets/Characters/Character/Texture/T_EpicCharacter_SleevesShorts_RGB.uasset" 703
"C:/Users/User/Desktop/Blaster/Content/LearningKit_Games/Assets/Characters/Character/Texture/T_EpicCharacter_SleevesShorts_RGB.uexp" 704
"C:/Users/User/Desktop/Blaster/Content/LearningKit_Games/Assets/Characters/Character/Material/MI_epicCharacter_SleevesShorts.uasset" 705
"C:/Users/User/Desktop/Blaster/Content/LearningKit_Games/Assets/Characters/Character/Material/MI_epicCharacter_SleevesShorts.uexp" 706
"C:/Users/User/Desktop/Blaster/Content/LearningKit_Games/Assets/Characters/Character/Texture/T_EpicCharacter_Boots_BC.ubulk" 707
"C:/Users/User/Desktop/Blaster/Content/LearningKit_Games/Assets/Characters/Character/Texture/T_EpicCharacter_Boots_BC.uasset" 708
"C:/Users/User/Desktop/Blaster/Content/LearningKit_Games/Assets/Characters/Character/Texture/T_EpicCharacter_Boots_BC.uexp" 709
"C:/Users/User/Desktop/Blaster/Content/LearningKit_Games/Assets/Characters/Character/Texture/T_EpicCharacter_Boots_ARM.ubulk" 710
"C:/Users/User/Desktop/Blaster/Content/LearningKit_Games/Assets/Characters/Character/Texture/T_EpicCharacter_Boots_ARM.uasset" 711
"C:/Users/User/Desktop/Blaster/Content/LearningKit_Games/Assets/Characters/Character/Texture/T_EpicCharacter_Boots_ARM.uexp" 712
"C:/Users/User/Desktop/Blaster/Content/LearningKit_Games/Assets/Characters/Character/Texture/T_EpicCharacter_Boots_RGB.ubulk" 713
"C:/Users/User/Desktop/Blaster/Content/LearningKit_Games/Assets/Characters/Character/Texture/T_EpicCharacter_Boots_RGB.uasset" 714
"C:/Users/User/Desktop/Blaster/Content/LearningKit_Games/Assets/Characters/Character/Texture/T_EpicCharacter_Boots_RGB.uexp" 715
"C:/Users/User/Desktop/Blaster/Content/LearningKit_Games/Assets/Characters/Character/Material/MI_epicCharacter_Boots.uasset" 716
"C:/Users/User/Desktop/Blaster/Content/LearningKit_Games/Assets/Characters/Character/Material/MI_epicCharacter_Boots.uexp" 717
"C:/Users/User/Desktop/Blaster/Content/LearningKit_Games/Assets/Characters/Character/Texture/T_EpicCharacter_Head_E.ubulk" 718
"C:/Users/User/Desktop/Blaster/Content/LearningKit_Games/Assets/Characters/Character/Texture/T_EpicCharacter_Head_E.uasset" 719
"C:/Users/User/Desktop/Blaster/Content/LearningKit_Games/Assets/Characters/Character/Texture/T_EpicCharacter_Head_E.uexp" 720
"C:/Users/User/Desktop/Blaster/Content/LearningKit_Games/Assets/Characters/Character/Texture/T_EpicCharacter_Head_ARM.ubulk" 721
"C:/Users/User/Desktop/Blaster/Content/LearningKit_Games/Assets/Characters/Character/Texture/T_EpicCharacter_Head_ARM.uasset" 722
"C:/Users/User/Desktop/Blaster/Content/LearningKit_Games/Assets/Characters/Character/Texture/T_EpicCharacter_Head_ARM.uexp" 723
"C:/Users/User/Desktop/Blaster/Content/LearningKit_Games/Assets/Characters/Character/Texture/T_EpicCharacter_Head_RGB.ubulk" 724
"C:/Users/User/Desktop/Blaster/Content/LearningKit_Games/Assets/Characters/Character/Texture/T_EpicCharacter_Head_RGB.uasset" 725
"C:/Users/User/Desktop/Blaster/Content/LearningKit_Games/Assets/Characters/Character/Texture/T_EpicCharacter_Head_RGB.uexp" 726
"C:/Users/User/Desktop/Blaster/Content/LearningKit_Games/Assets/Characters/Character/Texture/T_EpicCharacter_Head_BC.ubulk" 727
"C:/Users/User/Desktop/Blaster/Content/LearningKit_Games/Assets/Characters/Character/Texture/T_EpicCharacter_Head_BC.uasset" 728
"C:/Users/User/Desktop/Blaster/Content/LearningKit_Games/Assets/Characters/Character/Texture/T_EpicCharacter_Head_BC.uexp" 729
"C:/Users/User/Desktop/Blaster/Content/LearningKit_Games/Assets/Characters/Character/Material/MI_epicCharacter_Head.uasset" 730
"C:/Users/User/Desktop/Blaster/Content/LearningKit_Games/Assets/Characters/Character/Material/MI_epicCharacter_Head.uexp" 731
"C:/Users/User/Desktop/Blaster/Content/LearningKit_Games/Assets/Characters/Character/Texture/T_EpicCharacter_Hood_BC.ubulk" 732
"C:/Users/User/Desktop/Blaster/Content/LearningKit_Games/Assets/Characters/Character/Texture/T_EpicCharacter_Hood_BC.uasset" 733
"C:/Users/User/Desktop/Blaster/Content/LearningKit_Games/Assets/Characters/Character/Texture/T_EpicCharacter_Hood_BC.uexp" 734
"C:/Users/User/Desktop/Blaster/Content/LearningKit_Games/Assets/Characters/Character/Texture/T_EpicCharacter_Hood_RGB.ubulk" 735
"C:/Users/User/Desktop/Blaster/Content/LearningKit_Games/Assets/Characters/Character/Texture/T_EpicCharacter_Hood_RGB.uasset" 736
"C:/Users/User/Desktop/Blaster/Content/LearningKit_Games/Assets/Characters/Character/Texture/T_EpicCharacter_Hood_RGB.uexp" 737
"C:/Users/User/Desktop/Blaster/Content/LearningKit_Games/Assets/Characters/Character/Texture/T_EpicCharacter_Hood_ARM.ubulk" 738
"C:/Users/User/Desktop/Blaster/Content/LearningKit_Games/Assets/Characters/Character/Texture/T_EpicCharacter_Hood_ARM.uasset" 739
"C:/Users/User/Desktop/Blaster/Content/LearningKit_Games/Assets/Characters/Character/Texture/T_EpicCharacter_Hood_ARM.uexp" 740
"C:/Users/User/Desktop/Blaster/Content/LearningKit_Games/Assets/Characters/Character/Material/MI_epicCharacter_Hood.uasset" 741
"C:/Users/User/Desktop/Blaster/Content/LearningKit_Games/Assets/Characters/Character/Material/MI_epicCharacter_Hood.uexp" 742
"C:/Users/User/Desktop/Blaster/Content/LearningKit_Games/Assets/Characters/Character/Texture/T_EpicCharacter_Bedroll_BC.ubulk" 743
"C:/Users/User/Desktop/Blaster/Content/LearningKit_Games/Assets/Characters/Character/Texture/T_EpicCharacter_Bedroll_BC.uasset" 744
"C:/Users/User/Desktop/Blaster/Content/LearningKit_Games/Assets/Characters/Character/Texture/T_EpicCharacter_Bedroll_BC.uexp" 745
"C:/Users/User/Desktop/Blaster/Content/LearningKit_Games/Assets/Characters/Character/Texture/T_EpicCharacter_Bedroll_RGB.ubulk" 746
"C:/Users/User/Desktop/Blaster/Content/LearningKit_Games/Assets/Characters/Character/Texture/T_EpicCharacter_Bedroll_RGB.uasset" 747
"C:/Users/User/Desktop/Blaster/Content/LearningKit_Games/Assets/Characters/Character/Texture/T_EpicCharacter_Bedroll_RGB.uexp" 748
"C:/Users/User/Desktop/Blaster/Content/LearningKit_Games/Assets/Characters/Character/Texture/T_EpicCharacter_Bedroll_ARM.ubulk" 749
"C:/Users/User/Desktop/Blaster/Content/LearningKit_Games/Assets/Characters/Character/Texture/T_EpicCharacter_Bedroll_ARM.uasset" 750
"C:/Users/User/Desktop/Blaster/Content/LearningKit_Games/Assets/Characters/Character/Texture/T_EpicCharacter_Bedroll_ARM.uexp" 751
"C:/Users/User/Desktop/Blaster/Content/LearningKit_Games/Assets/Characters/Character/Material/MI_epicCharacter_BedRoll.uasset" 752
"C:/Users/User/Desktop/Blaster/Content/LearningKit_Games/Assets/Characters/Character/Material/MI_epicCharacter_BedRoll.uexp" 753
"C:/Users/User/Desktop/Blaster/Content/LearningKit_Games/Assets/Characters/Character/Mesh/SK_EpicCharacter_Physics.uasset" 754
"C:/Users/User/Desktop/Blaster/Content/LearningKit_Games/Assets/Characters/Character/Mesh/SK_EpicCharacter_Physics.uexp" 755
"../../../Engine/Content/EngineMeshes/Humanoid.uasset" 756
"../../../Engine/Content/EngineMeshes/Humanoid.uexp" 757
"C:/Users/User/Desktop/Blaster/Content/LearningKit_Games/Assets/Characters/Character/Mesh/SK_EpicCharacter_Skeleton.uasset" 758
"C:/Users/User/Desktop/Blaster/Content/LearningKit_Games/Assets/Characters/Character/Mesh/SK_EpicCharacter_Skeleton.uexp" 759
"C:/Users/User/Desktop/Blaster/Content/LearningKit_Games/Assets/Characters/Character/Mesh/SK_EpicCharacter_LearningKit.uasset" 760
"C:/Users/User/Desktop/Blaster/Content/LearningKit_Games/Assets/Characters/Character/Mesh/SK_EpicCharacter_LearningKit.uexp" 761
"../../../Engine/Content/Animation/DefaultAnimBoneCompressionSettings.uasset" 762
"../../../Engine/Content/Animation/DefaultAnimBoneCompressionSettings.uexp" 763
"C:/Users/User/Desktop/Blaster/Content/LearningKit_Games/Assets/Characters/Character/Animations/epicCharacter_JumpUp_End.uasset" 764
"C:/Users/User/Desktop/Blaster/Content/LearningKit_Games/Assets/Characters/Character/Animations/epicCharacter_JumpUp_End.uexp" 765
"C:/Users/User/Desktop/Blaster/Content/LearningKit_Games/Assets/Characters/Character/Animations/epicCharacter_JumpUp_Loop.uasset" 766
"C:/Users/User/Desktop/Blaster/Content/LearningKit_Games/Assets/Characters/Character/Animations/epicCharacter_JumpUp_Loop.uexp" 767
"C:/Users/User/Desktop/Blaster/Content/LearningKit_Games/Assets/Characters/Character/Animations/epicCharacter_Idle.uasset" 768
"C:/Users/User/Desktop/Blaster/Content/LearningKit_Games/Assets/Characters/Character/Animations/epicCharacter_Idle.uexp" 769
"C:/Users/User/Desktop/Blaster/Content/LearningKit_Games/Assets/Characters/Character/Animations/epicCharacter_Walk.uasset" 770
"C:/Users/User/Desktop/Blaster/Content/LearningKit_Games/Assets/Characters/Character/Animations/epicCharacter_Walk.uexp" 771
"C:/Users/User/Desktop/Blaster/Content/LearningKit_Games/Assets/Characters/Character/Animations/epicCharacter_Run.uasset" 772
"C:/Users/User/Desktop/Blaster/Content/LearningKit_Games/Assets/Characters/Character/Animations/epicCharacter_Run.uexp" 773
"C:/Users/User/Desktop/Blaster/Content/_Blueprint/Character/Animation/UnequippedIdleWalkRun.uasset" 774
"C:/Users/User/Desktop/Blaster/Content/_Blueprint/Character/Animation/UnequippedIdleWalkRun.uexp" 775
"C:/Users/User/Desktop/Blaster/Content/LearningKit_Games/Assets/Characters/Character/Animations/epicCharacter_JumpUp_Start.uasset" 776
"C:/Users/User/Desktop/Blaster/Content/LearningKit_Games/Assets/Characters/Character/Animations/epicCharacter_JumpUp_Start.uexp" 777
"C:/Users/User/Desktop/Blaster/Content/_Blueprint/Character/Animation/BlasterAnimBP.uasset" 778
"C:/Users/User/Desktop/Blaster/Content/_Blueprint/Character/Animation/BlasterAnimBP.uexp" 779
"C:/Users/User/Desktop/Blaster/Content/_Blueprint/Character/BP_BlasterCharacter.uasset" 780
"C:/Users/User/Desktop/Blaster/Content/_Blueprint/Character/BP_BlasterCharacter.uexp" 781
"C:/Users/User/Desktop/Blaster/Content/_Characters/GameMode/BP_BlasterGameMode.uasset" 782
"C:/Users/User/Desktop/Blaster/Content/_Characters/GameMode/BP_BlasterGameMode.uexp" 783
"C:/Users/User/Desktop/Blaster/Content/Maps/Lobby.uexp" 784
"C:/Users/User/Desktop/Blaster/Content/Maps/Lobby.umap" 785
"C:/Users/User/Desktop/Blaster/Content/Maps/GameStartupMap_BuiltData.ubulk" 786
"C:/Users/User/Desktop/Blaster/Content/Maps/GameStartupMap_BuiltData.uasset" 787
"C:/Users/User/Desktop/Blaster/Content/Maps/GameStartupMap_BuiltData.uexp" 788
"C:/Users/User/Desktop/Blaster/Content/Maps/GameStartupMap.uexp" 789
"C:/Users/User/Desktop/Blaster/Content/Maps/GameStartupMap.umap" 790
